-------------------------------------------------------------------------------
Test set: be.Felix.SpringBootJpaWebappApplicationTests
-------------------------------------------------------------------------------
Tests run: 1, Failures: 0, Errors: 1, Skipped: 0, Time elapsed: 0.021 sec <<< FAILURE! - in be.Felix.SpringBootJpaWebappApplicationTests
contextLoads(be.Felix.SpringBootJpaWebappApplicationTests)  Time elapsed: 0.006 sec  <<< ERROR!
java.lang.Error: Unresolved compilation problems: 
	The import org.springframework.boot.test.SpringApplicationConfiguration cannot be resolved
	SpringApplicationConfiguration cannot be resolved to a type

	at be.Felix.SpringBootJpaWebappApplicationTests.<init>(SpringBootJpaWebappApplicationTests.java:6)

